[2021-01-26 10:16:10] local.ERROR: View [index] not found. {"exception":"[object] (InvalidArgumentException(code: 0): View [index] not found. at /home/nasreddine/Desktop/caci backup 26-01-2021/www 26-01-2021/certificate-of-origin-management/vendor/laravel/framework/src/Illuminate/View/FileViewFinder.php:137)
[stacktrace]
#0 /home/nasreddine/Desktop/caci backup 26-01-2021/www 26-01-2021/certificate-of-origin-management/vendor/laravel/framework/src/Illuminate/View/FileViewFinder.php(79): Illuminate\\View\\FileViewFinder->findInPaths('index', Array)
#1 /home/nasreddine/Desktop/caci backup 26-01-2021/www 26-01-2021/certificate-of-origin-management/vendor/laravel/framework/src/Illuminate/View/Factory.php(138): Illuminate\\View\\FileViewFinder->find('index')
#2 /home/nasreddine/Desktop/caci backup 26-01-2021/www 26-01-2021/certificate-of-origin-management/vendor/laravel/framework/src/Illuminate/Foundation/helpers.php(901): Illuminate\\View\\Factory->make('index', Array, Array)
#3 /home/nasreddine/Desktop/caci backup 26-01-2021/www 26-01-2021/certificate-of-origin-management/app/Http/Controllers/HomeController.php(38): view('index')
#4 /home/nasreddine/Desktop/caci backup 26-01-2021/www 26-01-2021/certificate-of-origin-management/vendor/laravel/framework/src/Illuminate/Routing/Controller.php(54): App\\Http\\Controllers\\HomeController->index()
#5 /home/nasreddine/Desktop/caci backup 26-01-2021/www 26-01-2021/certificate-of-origin-management/vendor/laravel/framework/src/Illuminate/Routing/ControllerDispatcher.php(45): Illuminate\\Routing\\Controller->callAction('index', Array)
#6 /home/nasreddine/Desktop/caci backup 26-01-2021/www 26-01-2021/certificate-of-origin-management/vendor/laravel/framework/src/Illuminate/Routing/Route.php(254): Illuminate\\Routing\\ControllerDispatcher->dispatch(Object(Illuminate\\Routing\\Route), Object(App\\Http\\Controllers\\HomeController), 'index')
#7 /home/nasreddine/Desktop/caci backup 26-01-2021/www 26-01-2021/certificate-of-origin-management/vendor/laravel/framework/src/Illuminate/Routing/Route.php(197): Illuminate\\Routing\\Route->runController()
#8 /home/nasreddine/Desktop/caci backup 26-01-2021/www 26-01-2021/certificate-of-origin-management/vendor/laravel/framework/src/Illuminate/Routing/Router.php(692): Illuminate\\Routing\\Route->run()
#9 /home/nasreddine/Desktop/caci backup 26-01-2021/www 26-01-2021/certificate-of-origin-management/vendor/laravel/framework/src/Illuminate/Pipeline/Pipeline.php(128): Illuminate\\Routing\\Router->Illuminate\\Routing\\{closure}(Object(Illuminate\\Http\\Request))
#10 /home/nasreddine/Desktop/caci backup 26-01-2021/www 26-01-2021/certificate-of-origin-management/app/Http/Middleware/RedirectIfAuthenticated.php(30): Illuminate\\Pipeline\\Pipeline->Illuminate\\Pipeline\\{closure}(Object(Illuminate\\Http\\Request))
#11 /home/nasreddine/Desktop/caci backup 26-01-2021/www 26-01-2021/certificate-of-origin-management/vendor/laravel/framework/src/Illuminate/Pipeline/Pipeline.php(167): App\\Http\\Middleware\\RedirectIfAuthenticated->handle(Object(Illuminate\\Http\\Request), Object(Closure))
#12 /home/nasreddine/Desktop/caci backup 26-01-2021/www 26-01-2021/certificate-of-origin-management/app/Http/Middleware/Localization.php(22): Illuminate\\Pipeline\\Pipeline->Illuminate\\Pipeline\\{closure}(Object(Illuminate\\Http\\Request))
#13 /home/nasreddine/Desktop/caci backup 26-01-2021/www 26-01-2021/certificate-of-origin-management/vendor/laravel/framework/src/Illuminate/Pipeline/Pipeline.php(167): App\\Http\\Middleware\\Localization->handle(Object(Illuminate\\Http\\Request), Object(Closure))
#14 /home/nasreddine/Desktop/caci backup 26-01-2021/www 26-01-2021/certificate-of-origin-management/vendor/laravel/framework/src/Illuminate/Routing/Middleware/SubstituteBindings.php(41): Illuminate\\Pipeline\\Pipeline->Illuminate\\Pipeline\\{closure}(Object(Illuminate\\Http\\Request))
#15 /home/nasreddine/Desktop/caci backup 26-01-2021/www 26-01-2021/certificate-of-origin-management/vendor/laravel/framework/src/Illuminate/Pipeline/Pipeline.php(167): Illuminate\\Routing\\Middleware\\SubstituteBindings->handle(Object(Illuminate\\Http\\Request), Object(Closure))
#16 /home/nasreddine/Desktop/caci backup 26-01-2021/www 26-01-2021/certificate-of-origin-management/vendor/laravel/framework/src/Illuminate/Foundation/Http/Middleware/VerifyCsrfToken.php(78): Illuminate\\Pipeline\\Pipeline->Illuminate\\Pipeline\\{closure}(Object(Illuminate\\Http\\Request))
#17 /home/nasreddine/Desktop/caci backup 26-01-2021/www 26-01-2021/certificate-of-origin-management/vendor/laravel/framework/src/Illuminate/Pipeline/Pipeline.php(167): Illuminate\\Foundation\\Http\\Middleware\\VerifyCsrfToken->handle(Object(Illuminate\\Http\\Request), Object(Closure))
#18 /home/nasreddine/Desktop/caci backup 26-01-2021/www 26-01-2021/certificate-of-origin-management/vendor/laravel/framework/src/Illuminate/View/Middleware/ShareErrorsFromSession.php(49): Illuminate\\Pipeline\\Pipeline->Illuminate\\Pipeline\\{closure}(Object(Illuminate\\Http\\Request))
#19 /home/nasreddine/Desktop/caci backup 26-01-2021/www 26-01-2021/certificate-of-origin-management/vendor/laravel/framework/src/Illuminate/Pipeline/Pipeline.php(167): Illuminate\\View\\Middleware\\ShareErrorsFromSession->handle(Object(Illuminate\\Http\\Request), Object(Closure))
#20 /home/nasreddine/Desktop/caci backup 26-01-2021/www 26-01-2021/certificate-of-origin-management/vendor/laravel/framework/src/Illuminate/Session/Middleware/StartSession.php(121): Illuminate\\Pipeline\\Pipeline->Illuminate\\Pipeline\\{closure}(Object(Illuminate\\Http\\Request))
#21 /home/nasreddine/Desktop/caci backup 26-01-2021/www 26-01-2021/certificate-of-origin-management/vendor/laravel/framework/src/Illuminate/Session/Middleware/StartSession.php(63): Illuminate\\Session\\Middleware\\StartSession->handleStatefulRequest(Object(Illuminate\\Http\\Request), Object(Illuminate\\Session\\Store), Object(Closure))
#22 /home/nasreddine/Desktop/caci backup 26-01-2021/www 26-01-2021/certificate-of-origin-management/vendor/laravel/framework/src/Illuminate/Pipeline/Pipeline.php(167): Illuminate\\Session\\Middleware\\StartSession->handle(Object(Illuminate\\Http\\Request), Object(Closure))
#23 /home/nasreddine/Desktop/caci backup 26-01-2021/www 26-01-2021/certificate-of-origin-management/vendor/laravel/framework/src/Illuminate/Cookie/Middleware/AddQueuedCookiesToResponse.php(37): Illuminate\\Pipeline\\Pipeline->Illuminate\\Pipeline\\{closure}(Object(Illuminate\\Http\\Request))
#24 /home/nasreddine/Desktop/caci backup 26-01-2021/www 26-01-2021/certificate-of-origin-management/vendor/laravel/framework/src/Illuminate/Pipeline/Pipeline.php(167): Illuminate\\Cookie\\Middleware\\AddQueuedCookiesToResponse->handle(Object(Illuminate\\Http\\Request), Object(Closure))
#25 /home/nasreddine/Desktop/caci backup 26-01-2021/www 26-01-2021/certificate-of-origin-management/vendor/laravel/framework/src/Illuminate/Cookie/Middleware/EncryptCookies.php(67): Illuminate\\Pipeline\\Pipeline->Illuminate\\Pipeline\\{closure}(Object(Illuminate\\Http\\Request))
#26 /home/nasreddine/Desktop/caci backup 26-01-2021/www 26-01-2021/certificate-of-origin-management/vendor/laravel/framework/src/Illuminate/Pipeline/Pipeline.php(167): Illuminate\\Cookie\\Middleware\\EncryptCookies->handle(Object(Illuminate\\Http\\Request), Object(Closure))
#27 /home/nasreddine/Desktop/caci backup 26-01-2021/www 26-01-2021/certificate-of-origin-management/vendor/laravel/framework/src/Illuminate/Pipeline/Pipeline.php(103): Illuminate\\Pipeline\\Pipeline->Illuminate\\Pipeline\\{closure}(Object(Illuminate\\Http\\Request))
#28 /home/nasreddine/Desktop/caci backup 26-01-2021/www 26-01-2021/certificate-of-origin-management/vendor/laravel/framework/src/Illuminate/Routing/Router.php(694): Illuminate\\Pipeline\\Pipeline->then(Object(Closure))
#29 /home/nasreddine/Desktop/caci backup 26-01-2021/www 26-01-2021/certificate-of-origin-management/vendor/laravel/framework/src/Illuminate/Routing/Router.php(669): Illuminate\\Routing\\Router->runRouteWithinStack(Object(Illuminate\\Routing\\Route), Object(Illuminate\\Http\\Request))
#30 /home/nasreddine/Desktop/caci backup 26-01-2021/www 26-01-2021/certificate-of-origin-management/vendor/laravel/framework/src/Illuminate/Routing/Router.php(635): Illuminate\\Routing\\Router->runRoute(Object(Illuminate\\Http\\Request), Object(Illuminate\\Routing\\Route))
#31 /home/nasreddine/Desktop/caci backup 26-01-2021/www 26-01-2021/certificate-of-origin-management/vendor/laravel/framework/src/Illuminate/Routing/Router.php(624): Illuminate\\Routing\\Router->dispatchToRoute(Object(Illuminate\\Http\\Request))
#32 /home/nasreddine/Desktop/caci backup 26-01-2021/www 26-01-2021/certificate-of-origin-management/vendor/laravel/framework/src/Illuminate/Foundation/Http/Kernel.php(166): Illuminate\\Routing\\Router->dispatch(Object(Illuminate\\Http\\Request))
#33 /home/nasreddine/Desktop/caci backup 26-01-2021/www 26-01-2021/certificate-of-origin-management/vendor/laravel/framework/src/Illuminate/Pipeline/Pipeline.php(128): Illuminate\\Foundation\\Http\\Kernel->Illuminate\\Foundation\\Http\\{closure}(Object(Illuminate\\Http\\Request))
#34 /home/nasreddine/Desktop/caci backup 26-01-2021/www 26-01-2021/certificate-of-origin-management/vendor/laravel/framework/src/Illuminate/Foundation/Http/Middleware/TransformsRequest.php(21): Illuminate\\Pipeline\\Pipeline->Illuminate\\Pipeline\\{closure}(Object(Illuminate\\Http\\Request))
#35 /home/nasreddine/Desktop/caci backup 26-01-2021/www 26-01-2021/certificate-of-origin-management/vendor/laravel/framework/src/Illuminate/Pipeline/Pipeline.php(167): Illuminate\\Foundation\\Http\\Middleware\\TransformsRequest->handle(Object(Illuminate\\Http\\Request), Object(Closure))
#36 /home/nasreddine/Desktop/caci backup 26-01-2021/www 26-01-2021/certificate-of-origin-management/vendor/laravel/framework/src/Illuminate/Foundation/Http/Middleware/TransformsRequest.php(21): Illuminate\\Pipeline\\Pipeline->Illuminate\\Pipeline\\{closure}(Object(Illuminate\\Http\\Request))
#37 /home/nasreddine/Desktop/caci backup 26-01-2021/www 26-01-2021/certificate-of-origin-management/vendor/laravel/framework/src/Illuminate/Pipeline/Pipeline.php(167): Illuminate\\Foundation\\Http\\Middleware\\TransformsRequest->handle(Object(Illuminate\\Http\\Request), Object(Closure))
#38 /home/nasreddine/Desktop/caci backup 26-01-2021/www 26-01-2021/certificate-of-origin-management/vendor/laravel/framework/src/Illuminate/Foundation/Http/Middleware/ValidatePostSize.php(27): Illuminate\\Pipeline\\Pipeline->Illuminate\\Pipeline\\{closure}(Object(Illuminate\\Http\\Request))
#39 /home/nasreddine/Desktop/caci backup 26-01-2021/www 26-01-2021/certificate-of-origin-management/vendor/laravel/framework/src/Illuminate/Pipeline/Pipeline.php(167): Illuminate\\Foundation\\Http\\Middleware\\ValidatePostSize->handle(Object(Illuminate\\Http\\Request), Object(Closure))
#40 /home/nasreddine/Desktop/caci backup 26-01-2021/www 26-01-2021/certificate-of-origin-management/vendor/laravel/framework/src/Illuminate/Foundation/Http/Middleware/PreventRequestsDuringMaintenance.php(86): Illuminate\\Pipeline\\Pipeline->Illuminate\\Pipeline\\{closure}(Object(Illuminate\\Http\\Request))
#41 /home/nasreddine/Desktop/caci backup 26-01-2021/www 26-01-2021/certificate-of-origin-management/vendor/laravel/framework/src/Illuminate/Pipeline/Pipeline.php(167): Illuminate\\Foundation\\Http\\Middleware\\PreventRequestsDuringMaintenance->handle(Object(Illuminate\\Http\\Request), Object(Closure))
#42 /home/nasreddine/Desktop/caci backup 26-01-2021/www 26-01-2021/certificate-of-origin-management/vendor/fruitcake/laravel-cors/src/HandleCors.php(37): Illuminate\\Pipeline\\Pipeline->Illuminate\\Pipeline\\{closure}(Object(Illuminate\\Http\\Request))
#43 /home/nasreddine/Desktop/caci backup 26-01-2021/www 26-01-2021/certificate-of-origin-management/vendor/laravel/framework/src/Illuminate/Pipeline/Pipeline.php(167): Fruitcake\\Cors\\HandleCors->handle(Object(Illuminate\\Http\\Request), Object(Closure))
#44 /home/nasreddine/Desktop/caci backup 26-01-2021/www 26-01-2021/certificate-of-origin-management/vendor/fideloper/proxy/src/TrustProxies.php(57): Illuminate\\Pipeline\\Pipeline->Illuminate\\Pipeline\\{closure}(Object(Illuminate\\Http\\Request))
#45 /home/nasreddine/Desktop/caci backup 26-01-2021/www 26-01-2021/certificate-of-origin-management/vendor/laravel/framework/src/Illuminate/Pipeline/Pipeline.php(167): Fideloper\\Proxy\\TrustProxies->handle(Object(Illuminate\\Http\\Request), Object(Closure))
#46 /home/nasreddine/Desktop/caci backup 26-01-2021/www 26-01-2021/certificate-of-origin-management/vendor/laravel/framework/src/Illuminate/Pipeline/Pipeline.php(103): Illuminate\\Pipeline\\Pipeline->Illuminate\\Pipeline\\{closure}(Object(Illuminate\\Http\\Request))
#47 /home/nasreddine/Desktop/caci backup 26-01-2021/www 26-01-2021/certificate-of-origin-management/vendor/laravel/framework/src/Illuminate/Foundation/Http/Kernel.php(141): Illuminate\\Pipeline\\Pipeline->then(Object(Closure))
#48 /home/nasreddine/Desktop/caci backup 26-01-2021/www 26-01-2021/certificate-of-origin-management/vendor/laravel/framework/src/Illuminate/Foundation/Http/Kernel.php(110): Illuminate\\Foundation\\Http\\Kernel->sendRequestThroughRouter(Object(Illuminate\\Http\\Request))
#49 /home/nasreddine/Desktop/caci backup 26-01-2021/www 26-01-2021/certificate-of-origin-management/public/index.php(52): Illuminate\\Foundation\\Http\\Kernel->handle(Object(Illuminate\\Http\\Request))
#50 /home/nasreddine/Desktop/caci backup 26-01-2021/www 26-01-2021/certificate-of-origin-management/server.php(21): require_once('/home/nasreddin...')
#51 {main}
"} 
[2021-01-26 10:16:10] local.ERROR: file_put_contents(C:\wamp64\www\certificate-of-origin-management\storage\framework/sessions/Uzfz9Zgm70pQlGQz9yj2BJ76iaBSqhT8Wp9DzLPS): failed to open stream: No such file or directory {"exception":"[object] (ErrorException(code: 0): file_put_contents(C:\\wamp64\\www\\certificate-of-origin-management\\storage\\framework/sessions/Uzfz9Zgm70pQlGQz9yj2BJ76iaBSqhT8Wp9DzLPS): failed to open stream: No such file or directory at /home/nasreddine/Desktop/caci backup 26-01-2021/www 26-01-2021/certificate-of-origin-management/vendor/laravel/framework/src/Illuminate/Filesystem/Filesystem.php:185)
[stacktrace]
#0 [internal function]: Illuminate\\Foundation\\Bootstrap\\HandleExceptions->handleError(2, 'file_put_conten...', '/home/nasreddin...', 185, Array)
#1 /home/nasreddine/Desktop/caci backup 26-01-2021/www 26-01-2021/certificate-of-origin-management/vendor/laravel/framework/src/Illuminate/Filesystem/Filesystem.php(185): file_put_contents('C:\\\\wamp64\\\\www\\\\c...', 'a:3:{s:6:\"_toke...', 2)
#2 /home/nasreddine/Desktop/caci backup 26-01-2021/www 26-01-2021/certificate-of-origin-management/vendor/laravel/framework/src/Illuminate/Session/FileSessionHandler.php(83): Illuminate\\Filesystem\\Filesystem->put('C:\\\\wamp64\\\\www\\\\c...', 'a:3:{s:6:\"_toke...', true)
#3 /home/nasreddine/Desktop/caci backup 26-01-2021/www 26-01-2021/certificate-of-origin-management/vendor/laravel/framework/src/Illuminate/Session/Store.php(129): Illuminate\\Session\\FileSessionHandler->write('Uzfz9Zgm70pQlGQ...', 'a:3:{s:6:\"_toke...')
#4 /home/nasreddine/Desktop/caci backup 26-01-2021/www 26-01-2021/certificate-of-origin-management/vendor/laravel/framework/src/Illuminate/Session/Middleware/StartSession.php(236): Illuminate\\Session\\Store->save()
#5 /home/nasreddine/Desktop/caci backup 26-01-2021/www 26-01-2021/certificate-of-origin-management/vendor/laravel/framework/src/Illuminate/Session/Middleware/StartSession.php(130): Illuminate\\Session\\Middleware\\StartSession->saveSession(Object(Illuminate\\Http\\Request))
#6 /home/nasreddine/Desktop/caci backup 26-01-2021/www 26-01-2021/certificate-of-origin-management/vendor/laravel/framework/src/Illuminate/Session/Middleware/StartSession.php(63): Illuminate\\Session\\Middleware\\StartSession->handleStatefulRequest(Object(Illuminate\\Http\\Request), Object(Illuminate\\Session\\Store), Object(Closure))
#7 /home/nasreddine/Desktop/caci backup 26-01-2021/www 26-01-2021/certificate-of-origin-management/vendor/laravel/framework/src/Illuminate/Pipeline/Pipeline.php(167): Illuminate\\Session\\Middleware\\StartSession->handle(Object(Illuminate\\Http\\Request), Object(Closure))
#8 /home/nasreddine/Desktop/caci backup 26-01-2021/www 26-01-2021/certificate-of-origin-management/vendor/laravel/framework/src/Illuminate/Cookie/Middleware/AddQueuedCookiesToResponse.php(37): Illuminate\\Pipeline\\Pipeline->Illuminate\\Pipeline\\{closure}(Object(Illuminate\\Http\\Request))
#9 /home/nasreddine/Desktop/caci backup 26-01-2021/www 26-01-2021/certificate-of-origin-management/vendor/laravel/framework/src/Illuminate/Pipeline/Pipeline.php(167): Illuminate\\Cookie\\Middleware\\AddQueuedCookiesToResponse->handle(Object(Illuminate\\Http\\Request), Object(Closure))
#10 /home/nasreddine/Desktop/caci backup 26-01-2021/www 26-01-2021/certificate-of-origin-management/vendor/laravel/framework/src/Illuminate/Cookie/Middleware/EncryptCookies.php(67): Illuminate\\Pipeline\\Pipeline->Illuminate\\Pipeline\\{closure}(Object(Illuminate\\Http\\Request))
#11 /home/nasreddine/Desktop/caci backup 26-01-2021/www 26-01-2021/certificate-of-origin-management/vendor/laravel/framework/src/Illuminate/Pipeline/Pipeline.php(167): Illuminate\\Cookie\\Middleware\\EncryptCookies->handle(Object(Illuminate\\Http\\Request), Object(Closure))
#12 /home/nasreddine/Desktop/caci backup 26-01-2021/www 26-01-2021/certificate-of-origin-management/vendor/laravel/framework/src/Illuminate/Pipeline/Pipeline.php(103): Illuminate\\Pipeline\\Pipeline->Illuminate\\Pipeline\\{closure}(Object(Illuminate\\Http\\Request))
#13 /home/nasreddine/Desktop/caci backup 26-01-2021/www 26-01-2021/certificate-of-origin-management/vendor/laravel/framework/src/Illuminate/Routing/Router.php(694): Illuminate\\Pipeline\\Pipeline->then(Object(Closure))
#14 /home/nasreddine/Desktop/caci backup 26-01-2021/www 26-01-2021/certificate-of-origin-management/vendor/laravel/framework/src/Illuminate/Routing/Router.php(669): Illuminate\\Routing\\Router->runRouteWithinStack(Object(Illuminate\\Routing\\Route), Object(Illuminate\\Http\\Request))
#15 /home/nasreddine/Desktop/caci backup 26-01-2021/www 26-01-2021/certificate-of-origin-management/vendor/laravel/framework/src/Illuminate/Routing/Router.php(635): Illuminate\\Routing\\Router->runRoute(Object(Illuminate\\Http\\Request), Object(Illuminate\\Routing\\Route))
#16 /home/nasreddine/Desktop/caci backup 26-01-2021/www 26-01-2021/certificate-of-origin-management/vendor/laravel/framework/src/Illuminate/Routing/Router.php(624): Illuminate\\Routing\\Router->dispatchToRoute(Object(Illuminate\\Http\\Request))
#17 /home/nasreddine/Desktop/caci backup 26-01-2021/www 26-01-2021/certificate-of-origin-management/vendor/laravel/framework/src/Illuminate/Foundation/Http/Kernel.php(166): Illuminate\\Routing\\Router->dispatch(Object(Illuminate\\Http\\Request))
#18 /home/nasreddine/Desktop/caci backup 26-01-2021/www 26-01-2021/certificate-of-origin-management/vendor/laravel/framework/src/Illuminate/Pipeline/Pipeline.php(128): Illuminate\\Foundation\\Http\\Kernel->Illuminate\\Foundation\\Http\\{closure}(Object(Illuminate\\Http\\Request))
#19 /home/nasreddine/Desktop/caci backup 26-01-2021/www 26-01-2021/certificate-of-origin-management/vendor/laravel/framework/src/Illuminate/Foundation/Http/Middleware/TransformsRequest.php(21): Illuminate\\Pipeline\\Pipeline->Illuminate\\Pipeline\\{closure}(Object(Illuminate\\Http\\Request))
#20 /home/nasreddine/Desktop/caci backup 26-01-2021/www 26-01-2021/certificate-of-origin-management/vendor/laravel/framework/src/Illuminate/Pipeline/Pipeline.php(167): Illuminate\\Foundation\\Http\\Middleware\\TransformsRequest->handle(Object(Illuminate\\Http\\Request), Object(Closure))
#21 /home/nasreddine/Desktop/caci backup 26-01-2021/www 26-01-2021/certificate-of-origin-management/vendor/laravel/framework/src/Illuminate/Foundation/Http/Middleware/TransformsRequest.php(21): Illuminate\\Pipeline\\Pipeline->Illuminate\\Pipeline\\{closure}(Object(Illuminate\\Http\\Request))
#22 /home/nasreddine/Desktop/caci backup 26-01-2021/www 26-01-2021/certificate-of-origin-management/vendor/laravel/framework/src/Illuminate/Pipeline/Pipeline.php(167): Illuminate\\Foundation\\Http\\Middleware\\TransformsRequest->handle(Object(Illuminate\\Http\\Request), Object(Closure))
#23 /home/nasreddine/Desktop/caci backup 26-01-2021/www 26-01-2021/certificate-of-origin-management/vendor/laravel/framework/src/Illuminate/Foundation/Http/Middleware/ValidatePostSize.php(27): Illuminate\\Pipeline\\Pipeline->Illuminate\\Pipeline\\{closure}(Object(Illuminate\\Http\\Request))
#24 /home/nasreddine/Desktop/caci backup 26-01-2021/www 26-01-2021/certificate-of-origin-management/vendor/laravel/framework/src/Illuminate/Pipeline/Pipeline.php(167): Illuminate\\Foundation\\Http\\Middleware\\ValidatePostSize->handle(Object(Illuminate\\Http\\Request), Object(Closure))
#25 /home/nasreddine/Desktop/caci backup 26-01-2021/www 26-01-2021/certificate-of-origin-management/vendor/laravel/framework/src/Illuminate/Foundation/Http/Middleware/PreventRequestsDuringMaintenance.php(86): Illuminate\\Pipeline\\Pipeline->Illuminate\\Pipeline\\{closure}(Object(Illuminate\\Http\\Request))
#26 /home/nasreddine/Desktop/caci backup 26-01-2021/www 26-01-2021/certificate-of-origin-management/vendor/laravel/framework/src/Illuminate/Pipeline/Pipeline.php(167): Illuminate\\Foundation\\Http\\Middleware\\PreventRequestsDuringMaintenance->handle(Object(Illuminate\\Http\\Request), Object(Closure))
#27 /home/nasreddine/Desktop/caci backup 26-01-2021/www 26-01-2021/certificate-of-origin-management/vendor/fruitcake/laravel-cors/src/HandleCors.php(37): Illuminate\\Pipeline\\Pipeline->Illuminate\\Pipeline\\{closure}(Object(Illuminate\\Http\\Request))
#28 /home/nasreddine/Desktop/caci backup 26-01-2021/www 26-01-2021/certificate-of-origin-management/vendor/laravel/framework/src/Illuminate/Pipeline/Pipeline.php(167): Fruitcake\\Cors\\HandleCors->handle(Object(Illuminate\\Http\\Request), Object(Closure))
#29 /home/nasreddine/Desktop/caci backup 26-01-2021/www 26-01-2021/certificate-of-origin-management/vendor/fideloper/proxy/src/TrustProxies.php(57): Illuminate\\Pipeline\\Pipeline->Illuminate\\Pipeline\\{closure}(Object(Illuminate\\Http\\Request))
#30 /home/nasreddine/Desktop/caci backup 26-01-2021/www 26-01-2021/certificate-of-origin-management/vendor/laravel/framework/src/Illuminate/Pipeline/Pipeline.php(167): Fideloper\\Proxy\\TrustProxies->handle(Object(Illuminate\\Http\\Request), Object(Closure))
#31 /home/nasreddine/Desktop/caci backup 26-01-2021/www 26-01-2021/certificate-of-origin-management/vendor/laravel/framework/src/Illuminate/Pipeline/Pipeline.php(103): Illuminate\\Pipeline\\Pipeline->Illuminate\\Pipeline\\{closure}(Object(Illuminate\\Http\\Request))
#32 /home/nasreddine/Desktop/caci backup 26-01-2021/www 26-01-2021/certificate-of-origin-management/vendor/laravel/framework/src/Illuminate/Foundation/Http/Kernel.php(141): Illuminate\\Pipeline\\Pipeline->then(Object(Closure))
#33 /home/nasreddine/Desktop/caci backup 26-01-2021/www 26-01-2021/certificate-of-origin-management/vendor/laravel/framework/src/Illuminate/Foundation/Http/Kernel.php(110): Illuminate\\Foundation\\Http\\Kernel->sendRequestThroughRouter(Object(Illuminate\\Http\\Request))
#34 /home/nasreddine/Desktop/caci backup 26-01-2021/www 26-01-2021/certificate-of-origin-management/public/index.php(52): Illuminate\\Foundation\\Http\\Kernel->handle(Object(Illuminate\\Http\\Request))
#35 /home/nasreddine/Desktop/caci backup 26-01-2021/www 26-01-2021/certificate-of-origin-management/server.php(21): require_once('/home/nasreddin...')
#36 {main}
"} 
[2021-01-26 10:17:46] local.ERROR: View [index] not found. {"exception":"[object] (InvalidArgumentException(code: 0): View [index] not found. at /home/nasreddine/Desktop/caci backup 26-01-2021/www 26-01-2021/certificate-of-origin-management/vendor/laravel/framework/src/Illuminate/View/FileViewFinder.php:137)
[stacktrace]
#0 /home/nasreddine/Desktop/caci backup 26-01-2021/www 26-01-2021/certificate-of-origin-management/vendor/laravel/framework/src/Illuminate/View/FileViewFinder.php(79): Illuminate\\View\\FileViewFinder->findInPaths('index', Array)
#1 /home/nasreddine/Desktop/caci backup 26-01-2021/www 26-01-2021/certificate-of-origin-management/vendor/laravel/framework/src/Illuminate/View/Factory.php(138): Illuminate\\View\\FileViewFinder->find('index')
#2 /home/nasreddine/Desktop/caci backup 26-01-2021/www 26-01-2021/certificate-of-origin-management/vendor/laravel/framework/src/Illuminate/Foundation/helpers.php(901): Illuminate\\View\\Factory->make('index', Array, Array)
#3 /home/nasreddine/Desktop/caci backup 26-01-2021/www 26-01-2021/certificate-of-origin-management/app/Http/Controllers/HomeController.php(38): view('index')
#4 /home/nasreddine/Desktop/caci backup 26-01-2021/www 26-01-2021/certificate-of-origin-management/vendor/laravel/framework/src/Illuminate/Routing/Controller.php(54): App\\Http\\Controllers\\HomeController->index()
#5 /home/nasreddine/Desktop/caci backup 26-01-2021/www 26-01-2021/certificate-of-origin-management/vendor/laravel/framework/src/Illuminate/Routing/ControllerDispatcher.php(45): Illuminate\\Routing\\Controller->callAction('index', Array)
#6 /home/nasreddine/Desktop/caci backup 26-01-2021/www 26-01-2021/certificate-of-origin-management/vendor/laravel/framework/src/Illuminate/Routing/Route.php(254): Illuminate\\Routing\\ControllerDispatcher->dispatch(Object(Illuminate\\Routing\\Route), Object(App\\Http\\Controllers\\HomeController), 'index')
#7 /home/nasreddine/Desktop/caci backup 26-01-2021/www 26-01-2021/certificate-of-origin-management/vendor/laravel/framework/src/Illuminate/Routing/Route.php(197): Illuminate\\Routing\\Route->runController()
#8 /home/nasreddine/Desktop/caci backup 26-01-2021/www 26-01-2021/certificate-of-origin-management/vendor/laravel/framework/src/Illuminate/Routing/Router.php(692): Illuminate\\Routing\\Route->run()
#9 /home/nasreddine/Desktop/caci backup 26-01-2021/www 26-01-2021/certificate-of-origin-management/vendor/laravel/framework/src/Illuminate/Pipeline/Pipeline.php(128): Illuminate\\Routing\\Router->Illuminate\\Routing\\{closure}(Object(Illuminate\\Http\\Request))
#10 /home/nasreddine/Desktop/caci backup 26-01-2021/www 26-01-2021/certificate-of-origin-management/app/Http/Middleware/RedirectIfAuthenticated.php(30): Illuminate\\Pipeline\\Pipeline->Illuminate\\Pipeline\\{closure}(Object(Illuminate\\Http\\Request))
#11 /home/nasreddine/Desktop/caci backup 26-01-2021/www 26-01-2021/certificate-of-origin-management/vendor/laravel/framework/src/Illuminate/Pipeline/Pipeline.php(167): App\\Http\\Middleware\\RedirectIfAuthenticated->handle(Object(Illuminate\\Http\\Request), Object(Closure))
#12 /home/nasreddine/Desktop/caci backup 26-01-2021/www 26-01-2021/certificate-of-origin-management/app/Http/Middleware/Localization.php(22): Illuminate\\Pipeline\\Pipeline->Illuminate\\Pipeline\\{closure}(Object(Illuminate\\Http\\Request))
#13 /home/nasreddine/Desktop/caci backup 26-01-2021/www 26-01-2021/certificate-of-origin-management/vendor/laravel/framework/src/Illuminate/Pipeline/Pipeline.php(167): App\\Http\\Middleware\\Localization->handle(Object(Illuminate\\Http\\Request), Object(Closure))
#14 /home/nasreddine/Desktop/caci backup 26-01-2021/www 26-01-2021/certificate-of-origin-management/vendor/laravel/framework/src/Illuminate/Routing/Middleware/SubstituteBindings.php(41): Illuminate\\Pipeline\\Pipeline->Illuminate\\Pipeline\\{closure}(Object(Illuminate\\Http\\Request))
#15 /home/nasreddine/Desktop/caci backup 26-01-2021/www 26-01-2021/certificate-of-origin-management/vendor/laravel/framework/src/Illuminate/Pipeline/Pipeline.php(167): Illuminate\\Routing\\Middleware\\SubstituteBindings->handle(Object(Illuminate\\Http\\Request), Object(Closure))
#16 /home/nasreddine/Desktop/caci backup 26-01-2021/www 26-01-2021/certificate-of-origin-management/vendor/laravel/framework/src/Illuminate/Foundation/Http/Middleware/VerifyCsrfToken.php(78): Illuminate\\Pipeline\\Pipeline->Illuminate\\Pipeline\\{closure}(Object(Illuminate\\Http\\Request))
#17 /home/nasreddine/Desktop/caci backup 26-01-2021/www 26-01-2021/certificate-of-origin-management/vendor/laravel/framework/src/Illuminate/Pipeline/Pipeline.php(167): Illuminate\\Foundation\\Http\\Middleware\\VerifyCsrfToken->handle(Object(Illuminate\\Http\\Request), Object(Closure))
#18 /home/nasreddine/Desktop/caci backup 26-01-2021/www 26-01-2021/certificate-of-origin-management/vendor/laravel/framework/src/Illuminate/View/Middleware/ShareErrorsFromSession.php(49): Illuminate\\Pipeline\\Pipeline->Illuminate\\Pipeline\\{closure}(Object(Illuminate\\Http\\Request))
#19 /home/nasreddine/Desktop/caci backup 26-01-2021/www 26-01-2021/certificate-of-origin-management/vendor/laravel/framework/src/Illuminate/Pipeline/Pipeline.php(167): Illuminate\\View\\Middleware\\ShareErrorsFromSession->handle(Object(Illuminate\\Http\\Request), Object(Closure))
#20 /home/nasreddine/Desktop/caci backup 26-01-2021/www 26-01-2021/certificate-of-origin-management/vendor/laravel/framework/src/Illuminate/Session/Middleware/StartSession.php(121): Illuminate\\Pipeline\\Pipeline->Illuminate\\Pipeline\\{closure}(Object(Illuminate\\Http\\Request))
#21 /home/nasreddine/Desktop/caci backup 26-01-2021/www 26-01-2021/certificate-of-origin-management/vendor/laravel/framework/src/Illuminate/Session/Middleware/StartSession.php(63): Illuminate\\Session\\Middleware\\StartSession->handleStatefulRequest(Object(Illuminate\\Http\\Request), Object(Illuminate\\Session\\Store), Object(Closure))
#22 /home/nasreddine/Desktop/caci backup 26-01-2021/www 26-01-2021/certificate-of-origin-management/vendor/laravel/framework/src/Illuminate/Pipeline/Pipeline.php(167): Illuminate\\Session\\Middleware\\StartSession->handle(Object(Illuminate\\Http\\Request), Object(Closure))
#23 /home/nasreddine/Desktop/caci backup 26-01-2021/www 26-01-2021/certificate-of-origin-management/vendor/laravel/framework/src/Illuminate/Cookie/Middleware/AddQueuedCookiesToResponse.php(37): Illuminate\\Pipeline\\Pipeline->Illuminate\\Pipeline\\{closure}(Object(Illuminate\\Http\\Request))
#24 /home/nasreddine/Desktop/caci backup 26-01-2021/www 26-01-2021/certificate-of-origin-management/vendor/laravel/framework/src/Illuminate/Pipeline/Pipeline.php(167): Illuminate\\Cookie\\Middleware\\AddQueuedCookiesToResponse->handle(Object(Illuminate\\Http\\Request), Object(Closure))
#25 /home/nasreddine/Desktop/caci backup 26-01-2021/www 26-01-2021/certificate-of-origin-management/vendor/laravel/framework/src/Illuminate/Cookie/Middleware/EncryptCookies.php(67): Illuminate\\Pipeline\\Pipeline->Illuminate\\Pipeline\\{closure}(Object(Illuminate\\Http\\Request))
#26 /home/nasreddine/Desktop/caci backup 26-01-2021/www 26-01-2021/certificate-of-origin-management/vendor/laravel/framework/src/Illuminate/Pipeline/Pipeline.php(167): Illuminate\\Cookie\\Middleware\\EncryptCookies->handle(Object(Illuminate\\Http\\Request), Object(Closure))
#27 /home/nasreddine/Desktop/caci backup 26-01-2021/www 26-01-2021/certificate-of-origin-management/vendor/laravel/framework/src/Illuminate/Pipeline/Pipeline.php(103): Illuminate\\Pipeline\\Pipeline->Illuminate\\Pipeline\\{closure}(Object(Illuminate\\Http\\Request))
#28 /home/nasreddine/Desktop/caci backup 26-01-2021/www 26-01-2021/certificate-of-origin-management/vendor/laravel/framework/src/Illuminate/Routing/Router.php(694): Illuminate\\Pipeline\\Pipeline->then(Object(Closure))
#29 /home/nasreddine/Desktop/caci backup 26-01-2021/www 26-01-2021/certificate-of-origin-management/vendor/laravel/framework/src/Illuminate/Routing/Router.php(669): Illuminate\\Routing\\Router->runRouteWithinStack(Object(Illuminate\\Routing\\Route), Object(Illuminate\\Http\\Request))
#30 /home/nasreddine/Desktop/caci backup 26-01-2021/www 26-01-2021/certificate-of-origin-management/vendor/laravel/framework/src/Illuminate/Routing/Router.php(635): Illuminate\\Routing\\Router->runRoute(Object(Illuminate\\Http\\Request), Object(Illuminate\\Routing\\Route))
#31 /home/nasreddine/Desktop/caci backup 26-01-2021/www 26-01-2021/certificate-of-origin-management/vendor/laravel/framework/src/Illuminate/Routing/Router.php(624): Illuminate\\Routing\\Router->dispatchToRoute(Object(Illuminate\\Http\\Request))
#32 /home/nasreddine/Desktop/caci backup 26-01-2021/www 26-01-2021/certificate-of-origin-management/vendor/laravel/framework/src/Illuminate/Foundation/Http/Kernel.php(166): Illuminate\\Routing\\Router->dispatch(Object(Illuminate\\Http\\Request))
#33 /home/nasreddine/Desktop/caci backup 26-01-2021/www 26-01-2021/certificate-of-origin-management/vendor/laravel/framework/src/Illuminate/Pipeline/Pipeline.php(128): Illuminate\\Foundation\\Http\\Kernel->Illuminate\\Foundation\\Http\\{closure}(Object(Illuminate\\Http\\Request))
#34 /home/nasreddine/Desktop/caci backup 26-01-2021/www 26-01-2021/certificate-of-origin-management/vendor/laravel/framework/src/Illuminate/Foundation/Http/Middleware/TransformsRequest.php(21): Illuminate\\Pipeline\\Pipeline->Illuminate\\Pipeline\\{closure}(Object(Illuminate\\Http\\Request))
#35 /home/nasreddine/Desktop/caci backup 26-01-2021/www 26-01-2021/certificate-of-origin-management/vendor/laravel/framework/src/Illuminate/Pipeline/Pipeline.php(167): Illuminate\\Foundation\\Http\\Middleware\\TransformsRequest->handle(Object(Illuminate\\Http\\Request), Object(Closure))
#36 /home/nasreddine/Desktop/caci backup 26-01-2021/www 26-01-2021/certificate-of-origin-management/vendor/laravel/framework/src/Illuminate/Foundation/Http/Middleware/TransformsRequest.php(21): Illuminate\\Pipeline\\Pipeline->Illuminate\\Pipeline\\{closure}(Object(Illuminate\\Http\\Request))
#37 /home/nasreddine/Desktop/caci backup 26-01-2021/www 26-01-2021/certificate-of-origin-management/vendor/laravel/framework/src/Illuminate/Pipeline/Pipeline.php(167): Illuminate\\Foundation\\Http\\Middleware\\TransformsRequest->handle(Object(Illuminate\\Http\\Request), Object(Closure))
#38 /home/nasreddine/Desktop/caci backup 26-01-2021/www 26-01-2021/certificate-of-origin-management/vendor/laravel/framework/src/Illuminate/Foundation/Http/Middleware/ValidatePostSize.php(27): Illuminate\\Pipeline\\Pipeline->Illuminate\\Pipeline\\{closure}(Object(Illuminate\\Http\\Request))
#39 /home/nasreddine/Desktop/caci backup 26-01-2021/www 26-01-2021/certificate-of-origin-management/vendor/laravel/framework/src/Illuminate/Pipeline/Pipeline.php(167): Illuminate\\Foundation\\Http\\Middleware\\ValidatePostSize->handle(Object(Illuminate\\Http\\Request), Object(Closure))
#40 /home/nasreddine/Desktop/caci backup 26-01-2021/www 26-01-2021/certificate-of-origin-management/vendor/laravel/framework/src/Illuminate/Foundation/Http/Middleware/PreventRequestsDuringMaintenance.php(86): Illuminate\\Pipeline\\Pipeline->Illuminate\\Pipeline\\{closure}(Object(Illuminate\\Http\\Request))
#41 /home/nasreddine/Desktop/caci backup 26-01-2021/www 26-01-2021/certificate-of-origin-management/vendor/laravel/framework/src/Illuminate/Pipeline/Pipeline.php(167): Illuminate\\Foundation\\Http\\Middleware\\PreventRequestsDuringMaintenance->handle(Object(Illuminate\\Http\\Request), Object(Closure))
#42 /home/nasreddine/Desktop/caci backup 26-01-2021/www 26-01-2021/certificate-of-origin-management/vendor/fruitcake/laravel-cors/src/HandleCors.php(37): Illuminate\\Pipeline\\Pipeline->Illuminate\\Pipeline\\{closure}(Object(Illuminate\\Http\\Request))
#43 /home/nasreddine/Desktop/caci backup 26-01-2021/www 26-01-2021/certificate-of-origin-management/vendor/laravel/framework/src/Illuminate/Pipeline/Pipeline.php(167): Fruitcake\\Cors\\HandleCors->handle(Object(Illuminate\\Http\\Request), Object(Closure))
#44 /home/nasreddine/Desktop/caci backup 26-01-2021/www 26-01-2021/certificate-of-origin-management/vendor/fideloper/proxy/src/TrustProxies.php(57): Illuminate\\Pipeline\\Pipeline->Illuminate\\Pipeline\\{closure}(Object(Illuminate\\Http\\Request))
#45 /home/nasreddine/Desktop/caci backup 26-01-2021/www 26-01-2021/certificate-of-origin-management/vendor/laravel/framework/src/Illuminate/Pipeline/Pipeline.php(167): Fideloper\\Proxy\\TrustProxies->handle(Object(Illuminate\\Http\\Request), Object(Closure))
#46 /home/nasreddine/Desktop/caci backup 26-01-2021/www 26-01-2021/certificate-of-origin-management/vendor/laravel/framework/src/Illuminate/Pipeline/Pipeline.php(103): Illuminate\\Pipeline\\Pipeline->Illuminate\\Pipeline\\{closure}(Object(Illuminate\\Http\\Request))
#47 /home/nasreddine/Desktop/caci backup 26-01-2021/www 26-01-2021/certificate-of-origin-management/vendor/laravel/framework/src/Illuminate/Foundation/Http/Kernel.php(141): Illuminate\\Pipeline\\Pipeline->then(Object(Closure))
#48 /home/nasreddine/Desktop/caci backup 26-01-2021/www 26-01-2021/certificate-of-origin-management/vendor/laravel/framework/src/Illuminate/Foundation/Http/Kernel.php(110): Illuminate\\Foundation\\Http\\Kernel->sendRequestThroughRouter(Object(Illuminate\\Http\\Request))
#49 /home/nasreddine/Desktop/caci backup 26-01-2021/www 26-01-2021/certificate-of-origin-management/public/index.php(52): Illuminate\\Foundation\\Http\\Kernel->handle(Object(Illuminate\\Http\\Request))
#50 /home/nasreddine/Desktop/caci backup 26-01-2021/www 26-01-2021/certificate-of-origin-management/server.php(21): require_once('/home/nasreddin...')
#51 {main}
"} 
[2021-01-26 10:17:46] local.ERROR: file_put_contents(C:\wamp64\www\certificate-of-origin-management\storage\framework/sessions/JeYAuEP9yrEXvLAqplU9tLQXkXYx4pbVEbKuFc2s): failed to open stream: No such file or directory {"exception":"[object] (ErrorException(code: 0): file_put_contents(C:\\wamp64\\www\\certificate-of-origin-management\\storage\\framework/sessions/JeYAuEP9yrEXvLAqplU9tLQXkXYx4pbVEbKuFc2s): failed to open stream: No such file or directory at /home/nasreddine/Desktop/caci backup 26-01-2021/www 26-01-2021/certificate-of-origin-management/vendor/laravel/framework/src/Illuminate/Filesystem/Filesystem.php:185)
[stacktrace]
#0 [internal function]: Illuminate\\Foundation\\Bootstrap\\HandleExceptions->handleError(2, 'file_put_conten...', '/home/nasreddin...', 185, Array)
#1 /home/nasreddine/Desktop/caci backup 26-01-2021/www 26-01-2021/certificate-of-origin-management/vendor/laravel/framework/src/Illuminate/Filesystem/Filesystem.php(185): file_put_contents('C:\\\\wamp64\\\\www\\\\c...', 'a:3:{s:6:\"_toke...', 2)
#2 /home/nasreddine/Desktop/caci backup 26-01-2021/www 26-01-2021/certificate-of-origin-management/vendor/laravel/framework/src/Illuminate/Session/FileSessionHandler.php(83): Illuminate\\Filesystem\\Filesystem->put('C:\\\\wamp64\\\\www\\\\c...', 'a:3:{s:6:\"_toke...', true)
#3 /home/nasreddine/Desktop/caci backup 26-01-2021/www 26-01-2021/certificate-of-origin-management/vendor/laravel/framework/src/Illuminate/Session/Store.php(129): Illuminate\\Session\\FileSessionHandler->write('JeYAuEP9yrEXvLA...', 'a:3:{s:6:\"_toke...')
#4 /home/nasreddine/Desktop/caci backup 26-01-2021/www 26-01-2021/certificate-of-origin-management/vendor/laravel/framework/src/Illuminate/Session/Middleware/StartSession.php(236): Illuminate\\Session\\Store->save()
#5 /home/nasreddine/Desktop/caci backup 26-01-2021/www 26-01-2021/certificate-of-origin-management/vendor/laravel/framework/src/Illuminate/Session/Middleware/StartSession.php(130): Illuminate\\Session\\Middleware\\StartSession->saveSession(Object(Illuminate\\Http\\Request))
#6 /home/nasreddine/Desktop/caci backup 26-01-2021/www 26-01-2021/certificate-of-origin-management/vendor/laravel/framework/src/Illuminate/Session/Middleware/StartSession.php(63): Illuminate\\Session\\Middleware\\StartSession->handleStatefulRequest(Object(Illuminate\\Http\\Request), Object(Illuminate\\Session\\Store), Object(Closure))
#7 /home/nasreddine/Desktop/caci backup 26-01-2021/www 26-01-2021/certificate-of-origin-management/vendor/laravel/framework/src/Illuminate/Pipeline/Pipeline.php(167): Illuminate\\Session\\Middleware\\StartSession->handle(Object(Illuminate\\Http\\Request), Object(Closure))
#8 /home/nasreddine/Desktop/caci backup 26-01-2021/www 26-01-2021/certificate-of-origin-management/vendor/laravel/framework/src/Illuminate/Cookie/Middleware/AddQueuedCookiesToResponse.php(37): Illuminate\\Pipeline\\Pipeline->Illuminate\\Pipeline\\{closure}(Object(Illuminate\\Http\\Request))
#9 /home/nasreddine/Desktop/caci backup 26-01-2021/www 26-01-2021/certificate-of-origin-management/vendor/laravel/framework/src/Illuminate/Pipeline/Pipeline.php(167): Illuminate\\Cookie\\Middleware\\AddQueuedCookiesToResponse->handle(Object(Illuminate\\Http\\Request), Object(Closure))
#10 /home/nasreddine/Desktop/caci backup 26-01-2021/www 26-01-2021/certificate-of-origin-management/vendor/laravel/framework/src/Illuminate/Cookie/Middleware/EncryptCookies.php(67): Illuminate\\Pipeline\\Pipeline->Illuminate\\Pipeline\\{closure}(Object(Illuminate\\Http\\Request))
#11 /home/nasreddine/Desktop/caci backup 26-01-2021/www 26-01-2021/certificate-of-origin-management/vendor/laravel/framework/src/Illuminate/Pipeline/Pipeline.php(167): Illuminate\\Cookie\\Middleware\\EncryptCookies->handle(Object(Illuminate\\Http\\Request), Object(Closure))
#12 /home/nasreddine/Desktop/caci backup 26-01-2021/www 26-01-2021/certificate-of-origin-management/vendor/laravel/framework/src/Illuminate/Pipeline/Pipeline.php(103): Illuminate\\Pipeline\\Pipeline->Illuminate\\Pipeline\\{closure}(Object(Illuminate\\Http\\Request))
#13 /home/nasreddine/Desktop/caci backup 26-01-2021/www 26-01-2021/certificate-of-origin-management/vendor/laravel/framework/src/Illuminate/Routing/Router.php(694): Illuminate\\Pipeline\\Pipeline->then(Object(Closure))
#14 /home/nasreddine/Desktop/caci backup 26-01-2021/www 26-01-2021/certificate-of-origin-management/vendor/laravel/framework/src/Illuminate/Routing/Router.php(669): Illuminate\\Routing\\Router->runRouteWithinStack(Object(Illuminate\\Routing\\Route), Object(Illuminate\\Http\\Request))
#15 /home/nasreddine/Desktop/caci backup 26-01-2021/www 26-01-2021/certificate-of-origin-management/vendor/laravel/framework/src/Illuminate/Routing/Router.php(635): Illuminate\\Routing\\Router->runRoute(Object(Illuminate\\Http\\Request), Object(Illuminate\\Routing\\Route))
#16 /home/nasreddine/Desktop/caci backup 26-01-2021/www 26-01-2021/certificate-of-origin-management/vendor/laravel/framework/src/Illuminate/Routing/Router.php(624): Illuminate\\Routing\\Router->dispatchToRoute(Object(Illuminate\\Http\\Request))
#17 /home/nasreddine/Desktop/caci backup 26-01-2021/www 26-01-2021/certificate-of-origin-management/vendor/laravel/framework/src/Illuminate/Foundation/Http/Kernel.php(166): Illuminate\\Routing\\Router->dispatch(Object(Illuminate\\Http\\Request))
#18 /home/nasreddine/Desktop/caci backup 26-01-2021/www 26-01-2021/certificate-of-origin-management/vendor/laravel/framework/src/Illuminate/Pipeline/Pipeline.php(128): Illuminate\\Foundation\\Http\\Kernel->Illuminate\\Foundation\\Http\\{closure}(Object(Illuminate\\Http\\Request))
#19 /home/nasreddine/Desktop/caci backup 26-01-2021/www 26-01-2021/certificate-of-origin-management/vendor/laravel/framework/src/Illuminate/Foundation/Http/Middleware/TransformsRequest.php(21): Illuminate\\Pipeline\\Pipeline->Illuminate\\Pipeline\\{closure}(Object(Illuminate\\Http\\Request))
#20 /home/nasreddine/Desktop/caci backup 26-01-2021/www 26-01-2021/certificate-of-origin-management/vendor/laravel/framework/src/Illuminate/Pipeline/Pipeline.php(167): Illuminate\\Foundation\\Http\\Middleware\\TransformsRequest->handle(Object(Illuminate\\Http\\Request), Object(Closure))
#21 /home/nasreddine/Desktop/caci backup 26-01-2021/www 26-01-2021/certificate-of-origin-management/vendor/laravel/framework/src/Illuminate/Foundation/Http/Middleware/TransformsRequest.php(21): Illuminate\\Pipeline\\Pipeline->Illuminate\\Pipeline\\{closure}(Object(Illuminate\\Http\\Request))
#22 /home/nasreddine/Desktop/caci backup 26-01-2021/www 26-01-2021/certificate-of-origin-management/vendor/laravel/framework/src/Illuminate/Pipeline/Pipeline.php(167): Illuminate\\Foundation\\Http\\Middleware\\TransformsRequest->handle(Object(Illuminate\\Http\\Request), Object(Closure))
#23 /home/nasreddine/Desktop/caci backup 26-01-2021/www 26-01-2021/certificate-of-origin-management/vendor/laravel/framework/src/Illuminate/Foundation/Http/Middleware/ValidatePostSize.php(27): Illuminate\\Pipeline\\Pipeline->Illuminate\\Pipeline\\{closure}(Object(Illuminate\\Http\\Request))
#24 /home/nasreddine/Desktop/caci backup 26-01-2021/www 26-01-2021/certificate-of-origin-management/vendor/laravel/framework/src/Illuminate/Pipeline/Pipeline.php(167): Illuminate\\Foundation\\Http\\Middleware\\ValidatePostSize->handle(Object(Illuminate\\Http\\Request), Object(Closure))
#25 /home/nasreddine/Desktop/caci backup 26-01-2021/www 26-01-2021/certificate-of-origin-management/vendor/laravel/framework/src/Illuminate/Foundation/Http/Middleware/PreventRequestsDuringMaintenance.php(86): Illuminate\\Pipeline\\Pipeline->Illuminate\\Pipeline\\{closure}(Object(Illuminate\\Http\\Request))
#26 /home/nasreddine/Desktop/caci backup 26-01-2021/www 26-01-2021/certificate-of-origin-management/vendor/laravel/framework/src/Illuminate/Pipeline/Pipeline.php(167): Illuminate\\Foundation\\Http\\Middleware\\PreventRequestsDuringMaintenance->handle(Object(Illuminate\\Http\\Request), Object(Closure))
#27 /home/nasreddine/Desktop/caci backup 26-01-2021/www 26-01-2021/certificate-of-origin-management/vendor/fruitcake/laravel-cors/src/HandleCors.php(37): Illuminate\\Pipeline\\Pipeline->Illuminate\\Pipeline\\{closure}(Object(Illuminate\\Http\\Request))
#28 /home/nasreddine/Desktop/caci backup 26-01-2021/www 26-01-2021/certificate-of-origin-management/vendor/laravel/framework/src/Illuminate/Pipeline/Pipeline.php(167): Fruitcake\\Cors\\HandleCors->handle(Object(Illuminate\\Http\\Request), Object(Closure))
#29 /home/nasreddine/Desktop/caci backup 26-01-2021/www 26-01-2021/certificate-of-origin-management/vendor/fideloper/proxy/src/TrustProxies.php(57): Illuminate\\Pipeline\\Pipeline->Illuminate\\Pipeline\\{closure}(Object(Illuminate\\Http\\Request))
#30 /home/nasreddine/Desktop/caci backup 26-01-2021/www 26-01-2021/certificate-of-origin-management/vendor/laravel/framework/src/Illuminate/Pipeline/Pipeline.php(167): Fideloper\\Proxy\\TrustProxies->handle(Object(Illuminate\\Http\\Request), Object(Closure))
#31 /home/nasreddine/Desktop/caci backup 26-01-2021/www 26-01-2021/certificate-of-origin-management/vendor/laravel/framework/src/Illuminate/Pipeline/Pipeline.php(103): Illuminate\\Pipeline\\Pipeline->Illuminate\\Pipeline\\{closure}(Object(Illuminate\\Http\\Request))
#32 /home/nasreddine/Desktop/caci backup 26-01-2021/www 26-01-2021/certificate-of-origin-management/vendor/laravel/framework/src/Illuminate/Foundation/Http/Kernel.php(141): Illuminate\\Pipeline\\Pipeline->then(Object(Closure))
#33 /home/nasreddine/Desktop/caci backup 26-01-2021/www 26-01-2021/certificate-of-origin-management/vendor/laravel/framework/src/Illuminate/Foundation/Http/Kernel.php(110): Illuminate\\Foundation\\Http\\Kernel->sendRequestThroughRouter(Object(Illuminate\\Http\\Request))
#34 /home/nasreddine/Desktop/caci backup 26-01-2021/www 26-01-2021/certificate-of-origin-management/public/index.php(52): Illuminate\\Foundation\\Http\\Kernel->handle(Object(Illuminate\\Http\\Request))
#35 /home/nasreddine/Desktop/caci backup 26-01-2021/www 26-01-2021/certificate-of-origin-management/server.php(21): require_once('/home/nasreddin...')
#36 {main}
"} 
